<?xml version="1.0" encoding="UTF-8"?>
<!-- Generated by org.testng.reporters.JUnitReportReporter -->
<testsuite skipped="0" hostname="DESKTOP-B4GI9P0" name="org.mma.training.selenium.Login" tests="1" failures="0" timestamp="2022-03-13T11:23:33 EDT" time="17.024" errors="0">
  <testcase name="f" time="17.024" classname="org.mma.training.selenium.Login"/>
  <system-out/>
</testsuite> <!-- org.mma.training.selenium.Login -->
